<?xml version="1.0" encoding="UTF-8"?>
<!-- Generated by org.testng.reporters.JUnitXMLReporter -->
<testsuite hostname="MacBook-Pro.fios-router.home" ignored="0" name="Default test" tests="4" failures="0" timestamp="22 Apr 2020 17:29:22 GMT" time="1.724" errors="0">
  <testcase name="checkResponseTime" time="0.009" classname="testCases.TC001_GET_allEmployees"/>
  <testcase name="checkStatusCode" time="0.006" classname="testCases.TC001_GET_allEmployees"/>
  <testcase name="checkStatusLine" time="0.018" classname="testCases.TC001_GET_allEmployees"/>
  <testcase name="validateResponseBody" time="0.048" classname="testCases.TC001_GET_allEmployees"/>
</testsuite> <!-- Default test -->
